Log file open, 09/14/17 06:41:50
LogInit:Display: Running engine for game: intern20170912task
LogPlatformFile: Not using cached read wrapper
LogInit:Display: RandInit(-554975852) SRandInit(-554975851).
LogTaskGraph: Started task graph with 5 named threads and 6 total threads with 1 sets of task threads.
LogStats: Stats thread started at 0.129235
LogInit: Using libcurl 7.47.1
LogInit:  - built for x86_64-pc-win32
LogInit:  - supports SSL with OpenSSL/1.0.2g
LogInit:  - supports HTTP deflate (compression) using libz 1.2.8
LogInit:  - other features:
LogInit:      CURL_VERSION_SSL
LogInit:      CURL_VERSION_LIBZ
LogInit:      CURL_VERSION_IPV6
LogInit:      CURL_VERSION_ASYNCHDNS
LogInit:      CURL_VERSION_LARGEFILE
LogInit:      CURL_VERSION_IDN
LogInit:  CurlRequestOptions (configurable via config and command line):
LogInit:  - bVerifyPeer = false  - Libcurl will NOT verify peer certificate
LogInit:  - bUseHttpProxy = false  - Libcurl will NOT use HTTP proxy
LogInit:  - bDontReuseConnections = false  - Libcurl will reuse connections
LogInit:  - CertBundlePath = nullptr  - Libcurl will use whatever was configured at build time.
LogInit: Build: ++UE4+Release-4.16-CL-3561208
LogInit: Engine Version: 4.16.3-3561208+++UE4+Release-4.16
LogInit: Compatible Engine Version: 4.16.0-3452394+++UE4+Release-4.16
LogInit: Net CL: 3452394
LogDevObjectVersion: Number of dev versions registered: 16
LogDevObjectVersion:   Dev-Blueprints (B0D832E4-1F89-4F0D-ACCF-7EB736FD4AA2): 9
LogDevObjectVersion:   Dev-Build (E1C64328-A22C-4D53-A36C-8E866417BD8C): 0
LogDevObjectVersion:   Dev-Core (375EC13C-06E4-48FB-B500-84F0262A717E): 2
LogDevObjectVersion:   Dev-Editor (E4B068ED-F494-42E9-A231-DA0B2E46BB41): 17
LogDevObjectVersion:   Dev-Framework (CFFC743F-43B0-4480-9391-14DF171D2073): 23
LogDevObjectVersion:   Dev-Mobile (B02B49B5-BB20-44E9-A304-32B752E40360): 0
LogDevObjectVersion:   Dev-Networking (A4E4105C-59A1-49B5-A7C5-40C4547EDFEE): 0
LogDevObjectVersion:   Dev-Online (39C831C9-5AE6-47DC-9A44-9C173E1C8E7C): 0
LogDevObjectVersion:   Dev-Physics (78F01B33-EBEA-4F98-B9B4-84EACCB95AA2): 0
LogDevObjectVersion:   Dev-Platform (6631380F-2D4D-43E0-8009-CF276956A95A): 0
LogDevObjectVersion:   Dev-Rendering (12F88B9F-8875-4AFC-A67C-D90C383ABD29): 15
LogDevObjectVersion:   Dev-Sequencer (7B5AE74C-D270-4C10-A958-57980B212A5A): 4
LogDevObjectVersion:   Dev-VR (D7296918-1DD6-4BDD-9DE2-64A83CC13884): 0
LogDevObjectVersion:   Dev-LoadTimes (C2A15278-BFE7-4AFE-6C17-90FF531DF755): 1
LogDevObjectVersion:   Private-Geometry (6EACA3D4-40EC-4CC1-B786-8BED09428FC5): 1
LogDevObjectVersion:   Dev-AnimPhys (29E575DD-E0A3-4627-9D10-D276232CDCEA): 3
LogInit: Compiled (64-bit): Jul 28 2017 11:49:47
LogInit: Compiled with Visual C++: 19.00.24215.01
LogInit: Build Configuration: Development
LogInit: Branch Name: ++UE4+Release-4.16
LogInit: Command line:  
LogInit: Base directory: C:/Program Files/Epic Games/UE_4.16/Engine/Binaries/Win64/
LogInit: Installed Engine Build: 1
LogInit: Presizing for max 8388607 objects, including 0 objects not considered by GC, pre-allocating 0 bytes for permanent pool.
LogInit: Object subsystem initialized
[2017.09.13-21.41.51:038][  0]LogInit: Selected Device Profile: [Windows]
[2017.09.13-21.41.51:038][  0]LogInit: Applying CVar settings loaded from the selected device profile: [Windows]
[2017.09.13-21.41.51:083][  0]LogInit: Computer: DESKTOP-G2BABS6
[2017.09.13-21.41.51:083][  0]LogInit: User: sksn
[2017.09.13-21.41.51:083][  0]LogInit: CPU Page size=4096, Cores=2
[2017.09.13-21.41.51:083][  0]LogInit: High frequency timer resolution =2.648439 MHz
[2017.09.13-21.41.51:084][  0]LogMemory: Memory total: Physical=7.9GB (8GB approx)
[2017.09.13-21.41.51:084][  0]LogMemory: Platform Memory Stats for Windows
[2017.09.13-21.41.51:084][  0]LogMemory: Process Physical Memory: 272.72 MB used, 272.72 MB peak
[2017.09.13-21.41.51:084][  0]LogMemory: Process Virtual Memory: 266.43 MB used, 266.43 MB peak
[2017.09.13-21.41.51:084][  0]LogMemory: Physical Memory: 5640.25 MB used,  2476.84 MB free, 8117.09 MB total
[2017.09.13-21.41.51:084][  0]LogMemory: Virtual Memory: 641.80 MB used,  2476.84 MB free, 134217728.00 MB total
[2017.09.13-21.41.51:461][  0]LogInit: Using OS detected language (ja-JP).
[2017.09.13-21.41.51:461][  0]LogInit: Using OS detected locale (ja-JP).
[2017.09.13-21.41.51:533][  0]LogTextLocalizationManager: No specific localization for 'ja-JP' exists, so the 'ja' localization will be used.
[2017.09.13-21.41.55:336][  0]LogD3D11RHI: D3D11 adapters:
[2017.09.13-21.41.55:378][  0]LogD3D11RHI:    0. 'Intel(R) HD Graphics 620' (Feature Level 11_0)
[2017.09.13-21.41.55:378][  0]LogD3D11RHI:       128/0/4058 MB DedicatedVideo/DedicatedSystem/SharedSystem, Outputs:1, VendorId:0x8086
[2017.09.13-21.41.55:380][  0]LogD3D11RHI:    1. 'Microsoft Basic Render Driver' (Feature Level 11_0)
[2017.09.13-21.41.55:380][  0]LogD3D11RHI:       0/0/4058 MB DedicatedVideo/DedicatedSystem/SharedSystem, Outputs:0, VendorId:0x1414
[2017.09.13-21.41.55:380][  0]LogD3D11RHI: Chosen D3D11 Adapter: 0
[2017.09.13-21.41.55:388][  0]LogD3D11RHI: Creating new Direct3DDevice
[2017.09.13-21.41.55:388][  0]LogD3D11RHI:     GPU DeviceId: 0x5916 (for the marketing name, search the web for "GPU Device Id")
[2017.09.13-21.41.55:388][  0]LogWindows: EnumDisplayDevices:
[2017.09.13-21.41.55:388][  0]LogWindows:    0. 'Intel(R) HD Graphics 620' (P:1 D:1)
[2017.09.13-21.41.55:389][  0]LogWindows:    1. 'Intel(R) HD Graphics 620' (P:0 D:0)
[2017.09.13-21.41.55:389][  0]LogWindows:    2. 'Intel(R) HD Graphics 620' (P:0 D:0)
[2017.09.13-21.41.55:389][  0]LogWindows: DebugString: FoundDriverCount:3 
[2017.09.13-21.41.55:389][  0]LogD3D11RHI:     Adapter Name: Intel(R) HD Graphics 620
[2017.09.13-21.41.55:389][  0]LogD3D11RHI:   Driver Version: 21.20.16.4636 (internal:21.20.16.4636, unified:21.20.16.4636)
[2017.09.13-21.41.55:389][  0]LogD3D11RHI:      Driver Date: 3-21-2017
[2017.09.13-21.41.55:389][  0]LogRHI: Texture pool is 1361 MB (70% of 1945 MB)
[2017.09.13-21.41.55:395][  0]LogD3D11RHI: Async texture creation enabled
[2017.09.13-21.41.55:427][  0]LogD3D11RHI: GPU Timing Frequency: 12.000000 (Debug: 2 0)
[2017.09.13-21.41.55:435][  0]LogShaderCompilers: Guid format shader working directory is -27 characters bigger than the processId version (../../../../../../Users/shika/Documents/MyWork/Intern/intern20170912task/Intermediate/Shaders/WorkingDirectory/10580/).
[2017.09.13-21.41.55:435][  0]LogShaderCompilers: Cleaned the shader compiler working directory 'C:/Users/shika/AppData/Local/Temp/UnrealShaderWorkingDir/29DB51C345ED59EB3F85A0AC8A5111B8/'.
[2017.09.13-21.41.55:436][  0]LogShaderCompilers:Display: Using Local Shader Compiler.
[2017.09.13-21.41.58:576][  0]LogTemp:Display: Loaded TP AllDesktopTargetPlatform
[2017.09.13-21.41.58:640][  0]LogTemp:Display: Loaded TP MacClientTargetPlatform
[2017.09.13-21.41.58:740][  0]LogTemp:Display: Loaded TP MacNoEditorTargetPlatform
[2017.09.13-21.41.58:806][  0]LogTemp:Display: Loaded TP MacServerTargetPlatform
[2017.09.13-21.41.58:863][  0]LogTemp:Display: Loaded TP MacTargetPlatform
[2017.09.13-21.41.58:928][  0]LogTemp:Display: Loaded TP WindowsClientTargetPlatform
[2017.09.13-21.41.58:986][  0]LogTemp:Display: Loaded TP WindowsNoEditorTargetPlatform
[2017.09.13-21.41.59:041][  0]LogTemp:Display: Loaded TP WindowsServerTargetPlatform
[2017.09.13-21.41.59:088][  0]LogTemp:Display: Loaded TP WindowsTargetPlatform
[2017.09.13-21.41.59:147][  0]LogTemp:Display: Loaded TP AndroidTargetPlatform
[2017.09.13-21.41.59:204][  0]LogTemp:Display: Loaded TP Android_ASTCTargetPlatform
[2017.09.13-21.41.59:260][  0]LogTemp:Display: Loaded TP Android_ATCTargetPlatform
[2017.09.13-21.41.59:322][  0]LogTemp:Display: Loaded TP Android_DXTTargetPlatform
[2017.09.13-21.41.59:372][  0]LogTemp:Display: Loaded TP Android_ETC1TargetPlatform
[2017.09.13-21.41.59:424][  0]LogTemp:Display: Loaded TP Android_ETC2TargetPlatform
[2017.09.13-21.41.59:535][  0]LogTemp:Display: Loaded TP Android_MultiTargetPlatform
[2017.09.13-21.41.59:535][  0]LogTemp:Display: Loaded TP Android_PVRTCTargetPlatform
[2017.09.13-21.41.59:575][  0]LogTemp:Display: Loaded TP HTML5TargetPlatform
[2017.09.13-21.41.59:682][  0]LogTemp:Display: Loaded TP IOSTargetPlatform
[2017.09.13-21.41.59:719][  0]LogTemp:Display: Loaded TP TVOSTargetPlatform
[2017.09.13-21.41.59:772][  0]LogTemp:Display: Loaded TP LinuxClientTargetPlatform
[2017.09.13-21.41.59:820][  0]LogTemp:Display: Loaded TP LinuxNoEditorTargetPlatform
[2017.09.13-21.41.59:872][  0]LogTemp:Display: Loaded TP LinuxServerTargetPlatform
[2017.09.13-21.41.59:928][  0]LogTemp:Display: Loaded TP LinuxTargetPlatform
[2017.09.13-21.41.59:928][  0]LogTargetPlatformManager:Display: Building Assets For Windows
[2017.09.13-21.42.00:859][  0]LogDerivedDataCache:Display: Max Cache Size: 512 MB
[2017.09.13-21.42.01:525][  0]LogDerivedDataCache: Loaded boot cache 0.67s 90MB C:/Users/shika/AppData/Local/UnrealEngine/4.16/DerivedDataCache/Boot.ddc.
[2017.09.13-21.42.01:526][  0]LogDerivedDataCache:Display: Loaded Boot cache: C:/Users/shika/AppData/Local/UnrealEngine/4.16/DerivedDataCache/Boot.ddc
[2017.09.13-21.42.01:526][  0]LogDerivedDataCache: FDerivedDataBackendGraph:  Pak pak cache file ../../../../../../Users/shika/Documents/MyWork/Intern/intern20170912task/DerivedDataCache/DDC.ddp not found, will not use a pak cache.
[2017.09.13-21.42.01:526][  0]LogDerivedDataCache: Unable to find inner node Pak for hierarchical cache Hierarchy.
[2017.09.13-21.42.01:526][  0]LogDerivedDataCache: FDerivedDataBackendGraph:  CompressedPak pak cache file ../../../../../../Users/shika/Documents/MyWork/Intern/intern20170912task/DerivedDataCache/Compressed.ddp not found, will not use a pak cache.
[2017.09.13-21.42.01:526][  0]LogDerivedDataCache: Unable to find inner node CompressedPak for hierarchical cache Hierarchy.
[2017.09.13-21.42.01:559][  0]LogDerivedDataCache:Display: Pak cache opened for reading ../../../Engine/DerivedDataCache/Compressed.ddp.
[2017.09.13-21.42.01:575][  0]LogDerivedDataCache: Using Local data cache path C:/Users/shika/AppData/Local/UnrealEngine/Common/DerivedDataCache: Writable
[2017.09.13-21.42.01:593][  0]LogMaterial: Verifying Global Shaders for PCD3D_SM5
[2017.09.13-21.42.01:599][  0]LogSlate: Using Freetype 2.6.0
[2017.09.13-21.42.01:634][  0]LogSlate: SlateFontCache - WITH_FREETYPE: 1, WITH_HARFBUZZ: 1
[2017.09.13-21.42.01:634][  0]LogSlate: SlateFontCache - WITH_FREETYPE: 1, WITH_HARFBUZZ: 1
[2017.09.13-21.42.02:772][  0]LogInit: Selected Device Profile: [Windows]
[2017.09.13-21.42.03:033][  0]LogContentStreaming: Texture pool size is 0.00 MB
[2017.09.13-21.42.03:320][  0]LogMeshUtilities: Using QuadricMeshReduction for automatic static mesh reduction
[2017.09.13-21.42.03:379][  0]LogSimplygon: Simplygon DLL not present - disabling.
[2017.09.13-21.42.03:436][  0]LogMeshUtilities: Using SimplygonSwarm for distributed automatic mesh merging
[2017.09.13-21.42.03:436][  0]LogMeshUtilities: No automatic skeletal mesh reduction module available
[2017.09.13-21.42.03:436][  0]LogMeshUtilities: No automatic mesh merging module available
[2017.09.13-21.42.05:015][  0]LogNetVersion: intern20170912task , NetCL: 3452394, EngineNetVer: 2, GameNetVer: 0 (Checksum: 3196747740)
[2017.09.13-21.42.05:147][  0]LogAssetRegistry: FAssetRegistry took 0.0299 seconds to start up
[2017.09.13-21.42.05:334][  0]LogPackageLocalizationCache: Processed 4 localized package path(s) for 2 prioritized culture(s) in 0.149373 seconds
[2017.09.13-21.42.05:342][  0]LogUObjectArray: 34194 objects as part of root set at end of initial load.
[2017.09.13-21.42.05:342][  0]LogUObjectAllocator: 7260416 out of 0 bytes used by permanent object pool.
[2017.09.13-21.42.05:342][  0]LogUObjectArray: CloseDisregardForGC: 0/0 objects in disregard for GC pool
[2017.09.13-21.42.05:442][  0]LogInit: WinSock: version 1.1 (2.2), MaxSocks=32767, MaxUdp=65467
[2017.09.13-21.42.11:632][  0]LogTcpMessaging: Initializing TcpMessaging bridge
[2017.09.13-21.42.11:676][  0]LogUdpMessaging: Initializing bridge on interface 0.0.0.0:0 to multicast group 230.0.0.1:6666.
[2017.09.13-21.42.12:601][  0]LogMaterial: Uniform references updated for custom material expression Custom.
[2017.09.13-21.42.13:199][  0]SourceControl: 情報 ソースコントロールは無効です
[2017.09.13-21.42.13:391][  0]SourceControl: 情報 ソースコントロールは無効です
[2017.09.13-21.42.13:448][  0]SourceControl: 情報 ソースコントロールは無効です
[2017.09.13-21.42.13:503][  0]SourceControl: 情報 ソースコントロールは無効です
[2017.09.13-21.42.14:337][  0]LogAndroidPermission: UAndroidPermissionCallbackProxy::GetInstance
[2017.09.13-21.42.15:095][  0]LogEngine: Initializing Engine...
[2017.09.13-21.42.15:097][  0]LogHMD: Failed to initialize OpenVR with code 110
[2017.09.13-21.42.15:518][  0]LogStats: UGameplayTagsManager::ConstructGameplayTagTree: Construct from data asset -  0.000 s
[2017.09.13-21.42.15:519][  0]LogStats: UGameplayTagsManager::ConstructGameplayTagTree: GameplayTagTreeChangedEvent.Broadcast -  0.000 s
[2017.09.13-21.42.15:793][  0]LogAIModule: Creating AISystem for world Untitled
[2017.09.13-21.42.15:810][  0]LogInit: No audio devices found!
[2017.09.13-21.42.15:864][  0]LogDerivedDataCache: Saved boot cache 0.05s 90MB C:/Users/shika/AppData/Local/UnrealEngine/4.16/DerivedDataCache/Boot.ddc.
[2017.09.13-21.42.15:873][  0]LogInit: Texture streaming: Enabled
[2017.09.13-21.42.15:979][  0]LogEngineSessionManager: EngineSessionManager initialized
[2017.09.13-21.42.16:269][  0]LogInit: Transaction tracking system initialized
[2017.09.13-21.42.16:730][  0]BlueprintLog: New page: エディタの読み込み
[2017.09.13-21.42.17:900][  0]LocalizationService: 情報 ローカライズのサービスが無効になりました
[2017.09.13-21.42.18:883][  0]LogConsoleResponse:Display: 
[2017.09.13-21.42.19:355][  0]LogCook:Display: Max memory allowance for cook 16384mb min free memory 0mb
[2017.09.13-21.42.19:355][  0]LogCook:Display: Mobile HDR setting 1
[2017.09.13-21.42.20:584][  0]LogFileCache: Scanning file cache for directory 'C:/Users/shika/Documents/MyWork/Intern/intern20170912task/Content/' took 0.02s
[2017.09.13-21.42.20:653][  0]SourceControl: 情報 ソースコントロールは無効です
[2017.09.13-21.42.20:654][  0]Cmd: MAP LOAD FILE="../../../../../../Users/shika/Documents/MyWork/Intern/intern20170912task/Content/ThirdPersonBP/Maps/ThirdPersonExampleMap.umap" TEMPLATE=0 SHOWPROGRESS=1 FEATURELEVEL=3
[2017.09.13-21.42.20:661][  0]LightingResults: New page: ライティングのビルド
[2017.09.13-21.42.20:710][  0]MapCheck: New page: マップをチェック
[2017.09.13-21.42.20:710][  0]LightingResults: New page: <何も選択されていません>
[2017.09.13-21.42.21:137][  0]LogLinker:Warning: CreateExport: Failed to load Parent for WidgetBlueprintGeneratedClass /Game/ThirdPersonBP/Blueprints/UI/PauseMenu.PauseMenu_C
[2017.09.13-21.42.21:138][  0]LogLinker:Warning: CreateExport: Failed to load Parent for WidgetBlueprintGeneratedClass /Game/ThirdPersonBP/Blueprints/UI/PauseMenu.PauseMenu_C
[2017.09.13-21.42.21:138][  0]LogLinker:Warning: CreateExport: Failed to load Parent for WidgetBlueprintGeneratedClass /Game/ThirdPersonBP/Blueprints/UI/PauseMenu.PauseMenu_C
[2017.09.13-21.42.21:138][  0]LogLinker:Warning: CreateExport: Failed to load Parent for WidgetBlueprintGeneratedClass /Game/ThirdPersonBP/Blueprints/UI/PauseMenu.PauseMenu_C
[2017.09.13-21.42.21:138][  0]LogLinker:Warning: CreateExport: Failed to load Parent for WidgetBlueprintGeneratedClass /Game/ThirdPersonBP/Blueprints/UI/PauseMenu.PauseMenu_C
[2017.09.13-21.42.21:138][  0]LogLinker:Warning: CreateExport: Failed to load Parent for WidgetBlueprintGeneratedClass /Game/ThirdPersonBP/Blueprints/UI/PauseMenu.PauseMenu_C
[2017.09.13-21.42.21:139][  0]LogLinker:Warning: CreateExport: Failed to load Parent for WidgetBlueprintGeneratedClass /Game/ThirdPersonBP/Blueprints/UI/PauseMenu.PauseMenu_C
[2017.09.13-21.42.21:149][  0]LogLinker:Warning: CreateExport: Failed to load Parent for WidgetBlueprintGeneratedClass /Game/ThirdPersonBP/Blueprints/UI/PauseMenu.PauseMenu_C
[2017.09.13-21.42.21:149][  0]LogLinker:Warning: CreateExport: Failed to load Parent for WidgetBlueprintGeneratedClass /Game/ThirdPersonBP/Blueprints/UI/PauseMenu.PauseMenu_C
[2017.09.13-21.42.21:150][  0]LogLinker:Warning: CreateExport: Failed to load Parent for WidgetBlueprintGeneratedClass /Game/ThirdPersonBP/Blueprints/UI/PauseMenu.PauseMenu_C
[2017.09.13-21.42.22:019][  0]LogLinker:Warning: CreateExport: Failed to load Parent for WidgetBlueprintGeneratedClass /Game/ThirdPersonBP/Blueprints/UI/PauseMenu.PauseMenu_C
[2017.09.13-21.42.22:019][  0]LogLinker:Warning: CreateExport: Failed to load Parent for WidgetBlueprintGeneratedClass /Game/ThirdPersonBP/Blueprints/UI/PauseMenu.PauseMenu_C
[2017.09.13-21.42.22:314][  0]LogAIModule: Creating AISystem for world ThirdPersonExampleMap
[2017.09.13-21.42.22:340][  0]LogMaterial:Warning: Material /Game/StarterContent/Materials/M_Tech_Hex_Tile.M_Tech_Hex_Tile needed to have new flag set bUsedWithSkeletalMesh !
[2017.09.13-21.42.22:354][  0]LogMaterial: Missing cached shader map for material M_Tech_Hex_Tile, compiling. 
[2017.09.13-21.42.22:426][  0]MapCheck:Warning: 警告 M_Tech_Hex_Tile Material /Game/StarterContent/Materials/M_Tech_Hex_Tile.M_Tech_Hex_Tile was missing the usage flag bUsedWithSkeletalMesh. If the material asset is not re-saved, it may not render correctly when run outside the editor. 修正
[2017.09.13-21.42.22:436][  0]LogEditorServer: Finished looking for orphan Actors (0.000 secs)
[2017.09.13-21.42.22:491][  0]Cmd: MAP CHECKDEP NOCLEARLOG
[2017.09.13-21.42.22:563][  0]MapCheck: 情報 マップチェックが完了: 0 エラー、 1 警告、完了に 71.166ミリ秒かかりました。
[2017.09.13-21.42.22:578][  0]LogFileHelpers: Loading map 'ThirdPersonExampleMap' took 1.925
[2017.09.13-21.42.22:896][  0]LogCollectionManager: Loaded 0 collections in 0.002221 seconds
[2017.09.13-21.42.23:019][  0]LogFileCache: Scanning file cache for directory 'C:/Users/shika/Documents/MyWork/Intern/intern20170912task/Saved/Collections/' took 0.01s
[2017.09.13-21.42.23:019][  0]LogFileCache: Scanning file cache for directory 'C:/Users/shika/Documents/MyWork/Intern/intern20170912task/Content/Developers/sksn/Collections/' took 0.01s
[2017.09.13-21.42.23:019][  0]LogFileCache: Scanning file cache for directory 'C:/Users/shika/Documents/MyWork/Intern/intern20170912task/Content/Collections/' took 0.01s
[2017.09.13-21.42.23:019][  0]LogCollectionManager: Rebuilt the GUID cache for 0 collections in 0.000002 seconds
[2017.09.13-21.42.23:038][  0]LogContentBrowser: Native class hierarchy populated in 0.0168 seconds. Added 2330 classes and 493 folders.
[2017.09.13-21.42.23:143][  0]LogContentBrowser: Native class hierarchy updated for 'WidgetCarousel' in 0.0018 seconds. Added 0 classes and 0 folders.
[2017.09.13-21.42.23:751][  0]LogContentBrowser: Native class hierarchy updated for 'AddContentDialog' in 0.0018 seconds. Added 0 classes and 0 folders.
[2017.09.13-21.42.23:829][  0]LogContentBrowser: Native class hierarchy updated for 'SceneOutliner' in 0.0018 seconds. Added 1 classes and 2 folders.
[2017.09.13-21.42.23:974][  0]LogCrashTracker: Crashtracker disabled due to settings.
[2017.09.13-21.42.24:009][  0]LogSlate: Took 0.011314 seconds to synchronously load lazily loaded font '../../../Engine/Content/Slate/Fonts/Roboto-Regular.ttf' (155K)
[2017.09.13-21.42.24:046][  0]LogSlate: Took 0.034107 seconds to synchronously load lazily loaded font '../../../Engine/Content/Slate/Fonts/DroidSansFallback.ttf' (3848K)
[2017.09.13-21.42.24:054][  0]LogSlate: Took 0.006602 seconds to synchronously load lazily loaded font '../../../Engine/Content/Slate/Fonts/Roboto-Bold.ttf' (160K)
[2017.09.13-21.42.24:070][  0]LogSlate: Took 0.007034 seconds to synchronously load lazily loaded font '../../../Engine/Content/Editor/Slate/Fonts/FontAwesome.ttf' (139K)
[2017.09.13-21.42.24:350][  0]LogRenderer: Reallocating scene render targets to support 944x524 NumSamples 1 (Frame:1).
[2017.09.13-21.42.25:458][  0]LogUObjectGlobals:Warning: オブジェクト 'Class なし.' が見つかりませんでした
[2017.09.13-21.42.25:553][  0]LogContentBrowser: Native class hierarchy updated for 'HierarchicalLODOutliner' in 0.0018 seconds. Added 1 classes and 2 folders.
[2017.09.13-21.42.25:553][  0]LogLoad: (Engine Initialization) Total time: 38.20 seconds
[2017.09.13-21.42.25:553][  0]LogLoad: (Engine Initialization) Total Blueprint compile time: 0.64 seconds
[2017.09.13-21.42.25:553][  0]LogExternalProfiler: No external profilers were discovered.  External profiling features will not be available.
[2017.09.13-21.42.25:577][  0]LogOcInput: OculusInput pre-init called
[2017.09.13-21.42.25:578][  0]LogHMD: Starting GearVRController plugin
[2017.09.13-21.42.25:581][  0]LoadErrors:Warning: 警告 CreateExport: Failed to load Outer for resource 'ReturnTitleButton': WidgetBlueprintGeneratedClass /Game/ThirdPersonBP/Blueprints/UI/PauseMenu.PauseMenu_C
[2017.09.13-21.42.25:581][  0]LoadErrors:Warning: 警告 CreateExport: Failed to load Outer for resource 'ReturnGameButton': WidgetBlueprintGeneratedClass /Game/ThirdPersonBP/Blueprints/UI/PauseMenu.PauseMenu_C
[2017.09.13-21.42.25:581][  0]LoadErrors:Warning: 警告 CreateExport: Failed to load Outer for resource 'ExecuteUbergraph_PauseMenu': WidgetBlueprintGeneratedClass /Game/ThirdPersonBP/Blueprints/UI/PauseMenu.PauseMenu_C
[2017.09.13-21.42.25:581][  0]LoadErrors:Warning: 警告 CreateExport: Failed to load Outer for resource 'K2Node_Event_InDeltaTime': Function /Game/ThirdPersonBP/Blueprints/UI/PauseMenu.PauseMenu_C:ExecuteUbergraph_PauseMenu
[2017.09.13-21.42.25:581][  0]LoadErrors:Warning: 警告 CreateExport: Failed to load Outer for resource 'K2Node_Event_MyGeometry': Function /Game/ThirdPersonBP/Blueprints/UI/PauseMenu.PauseMenu_C:ExecuteUbergraph_PauseMenu
[2017.09.13-21.42.25:581][  0]LoadErrors:Warning: 警告 CreateExport: Failed to load Outer for resource 'EntryPoint': Function /Game/ThirdPersonBP/Blueprints/UI/PauseMenu.PauseMenu_C:ExecuteUbergraph_PauseMenu
[2017.09.13-21.42.25:581][  0]LoadErrors:Warning: 警告 CreateExport: Failed to load Outer for resource 'Tick': WidgetBlueprintGeneratedClass /Game/ThirdPersonBP/Blueprints/UI/PauseMenu.PauseMenu_C
[2017.09.13-21.42.25:581][  0]LoadErrors:Warning: 警告 CreateExport: Failed to load Outer for resource 'InDeltaTime': Function /Game/ThirdPersonBP/Blueprints/UI/PauseMenu.PauseMenu_C:Tick
[2017.09.13-21.42.25:581][  0]LoadErrors:Warning: 警告 CreateExport: Failed to load Outer for resource 'MyGeometry': Function /Game/ThirdPersonBP/Blueprints/UI/PauseMenu.PauseMenu_C:Tick
[2017.09.13-21.42.25:581][  0]LoadErrors:Warning: 警告 CreateExport: Failed to load Outer for resource 'UberGraphFrame': WidgetBlueprintGeneratedClass /Game/ThirdPersonBP/Blueprints/UI/PauseMenu.PauseMenu_C
[2017.09.13-21.42.25:602][  0]LogContentStreaming: Texture pool size now 1000 MB
[2017.09.13-21.42.25:667][  0]LogSlate: Took 0.006116 seconds to synchronously load lazily loaded font '../../../Engine/Content/Slate/Fonts/Roboto-Light.ttf' (159K)
[2017.09.13-21.42.25:720][  1]LogAssetRegistry: Asset discovery search completed in 20.5953 seconds
[2017.09.13-21.42.25:724][  1]LogCollectionManager: Rebuilt the object cache for 0 collections in 0.000001 seconds (found 0 objects)
[2017.09.13-21.42.25:724][  1]LogCollectionManager: Fixed up redirectors for 0 collections in 0.000049 seconds (updated 0 objects)
[2017.09.13-21.42.49:819][660]LogSlate: Took 0.000191 seconds to synchronously load lazily loaded font '../../../Engine/Content/Slate/Fonts/Roboto-Light.ttf' (159K)
[2017.09.13-21.42.50:969][660]LogSlate: Took 0.000231 seconds to synchronously load lazily loaded font '../../../Engine/Content/Slate/Fonts/Roboto-Regular.ttf' (155K)
[2017.09.13-21.42.51:444][660]LogContentBrowser: Native class hierarchy updated for 'BlueprintGraph' in 0.0024 seconds. Added 112 classes and 0 folders.
[2017.09.13-21.42.52:657][660]LogSlate: Took 0.000252 seconds to synchronously load lazily loaded font '../../../Engine/Content/Slate/Fonts/Roboto-Light.ttf' (159K)
[2017.09.13-21.42.52:669][660]LogSlate: Took 0.010673 seconds to synchronously load lazily loaded font '../../../Engine/Content/Editor/Slate/Fonts/Roboto-BoldCondensed.ttf' (158K)
[2017.09.13-21.45.08:726][566]LogEditorTransaction: Undo ウィジットサイズを変更
[2017.09.13-21.45.09:452][601]LogEditorTransaction: Undo ウィジェットを移動
[2017.09.13-21.45.10:226][643]LogEditorTransaction: Undo ウィジェットを追加
[2017.09.13-21.45.31:537][902]LogUObjectHash:Warning: Ambiguous search, could be CanvasPanel /Game/ThirdPersonBP/Blueprints/UI/GameUI.GameUI:WidgetTree.CanvasPanel_0 or CanvasPanel /Game/ThirdPersonBP/Blueprints/UI/GameUI.GameUI_C:WidgetTree.CanvasPanel_0
[2017.09.13-21.45.31:537][902]LogUObjectHash:Warning: Ambiguous search, could be CanvasPanel /Game/ThirdPersonBP/Blueprints/UI/GameUI.GameUI:WidgetTree.CanvasPanel_0 or CanvasPanel /Game/ThirdPersonBP/Blueprints/UI/PauseMenu1.PauseMenu1:WidgetTree.CanvasPanel_0
[2017.09.13-21.45.31:537][902]LogUObjectHash:Warning: Ambiguous search, could be CanvasPanel /Game/ThirdPersonBP/Blueprints/UI/GameUI.GameUI:WidgetTree.CanvasPanel_0 or CanvasPanel /Game/ThirdPersonBP/Blueprints/UI/PauseMenu1.PauseMenu1_C:WidgetTree.CanvasPanel_0
[2017.09.13-21.45.31:537][902]LogUObjectHash:Warning: Ambiguous search, could be CanvasPanel /Game/ThirdPersonBP/Blueprints/UI/GameUI.GameUI:WidgetTree.CanvasPanel_0 or CanvasPanel /Engine/Transient.World_2:PauseMenu1_C_0.WidgetTree_1.CanvasPanel_0
[2017.09.13-21.45.31:537][902]LogUObjectHash:Warning: Ambiguous search, could be CanvasPanel /Game/ThirdPersonBP/Blueprints/UI/GameUI.GameUI:WidgetTree.CanvasPanel_0 or CanvasPanel /Engine/Transient.World_2:PauseMenu1_C_1.WidgetTree_2.CanvasPanel_0
[2017.09.13-21.45.31:537][902]LogUObjectHash:Warning: Ambiguous search, could be CanvasPanel /Game/ThirdPersonBP/Blueprints/UI/GameUI.GameUI:WidgetTree.CanvasPanel_0 or CanvasPanel /Engine/Transient.World_2:PauseMenu1_C_2.WidgetTree_3.CanvasPanel_0
[2017.09.13-21.45.31:537][902]LogUObjectHash:Warning: Ambiguous search, could be CanvasPanel /Game/ThirdPersonBP/Blueprints/UI/GameUI.GameUI:WidgetTree.CanvasPanel_0 or CanvasPanel /Engine/Transient.World_2:PauseMenu1_C_3.WidgetTree_4.CanvasPanel_0
[2017.09.13-21.45.31:537][902]LogUObjectHash:Warning: Ambiguous search, could be CanvasPanel /Game/ThirdPersonBP/Blueprints/UI/GameUI.GameUI:WidgetTree.CanvasPanel_0 or CanvasPanel /Engine/Transient.World_2:PauseMenu1_C_4.WidgetTree_5.CanvasPanel_0
[2017.09.13-21.45.31:537][902]LogUObjectHash:Warning: Ambiguous search, could be CanvasPanel /Game/ThirdPersonBP/Blueprints/UI/GameUI.GameUI:WidgetTree.CanvasPanel_0 or CanvasPanel /Engine/Transient.World_2:PauseMenu1_C_5.WidgetTree_6.CanvasPanel_0
[2017.09.13-21.45.31:537][902]LogUObjectHash:Warning: Ambiguous search, could be CanvasPanel /Game/ThirdPersonBP/Blueprints/UI/GameUI.GameUI:WidgetTree.CanvasPanel_0 or CanvasPanel /Engine/Transient.World_2:PauseMenu1_C_6.WidgetTree_7.CanvasPanel_0
[2017.09.13-21.45.31:537][902]LogUObjectHash:Warning: Ambiguous search, could be CanvasPanel /Game/ThirdPersonBP/Blueprints/UI/GameUI.GameUI:WidgetTree.CanvasPanel_0 or CanvasPanel /Engine/Transient.World_2:PauseMenu1_C_7.WidgetTree_8.CanvasPanel_0
[2017.09.13-21.45.31:537][902]LogUObjectHash:Warning: Ambiguous search, could be CanvasPanel /Game/ThirdPersonBP/Blueprints/UI/GameUI.GameUI:WidgetTree.CanvasPanel_0 or CanvasPanel /Engine/Transient.World_2:PauseMenu1_C_8.WidgetTree_9.CanvasPanel_0
[2017.09.13-21.45.31:537][902]LogUObjectHash:Warning: Ambiguous search, could be CanvasPanel /Game/ThirdPersonBP/Blueprints/UI/GameUI.GameUI:WidgetTree.CanvasPanel_0 or CanvasPanel /Engine/Transient.World_2:PauseMenu1_C_9.WidgetTree_10.CanvasPanel_0
[2017.09.13-21.45.31:537][902]LogUObjectHash:Warning: Ambiguous search, could be CanvasPanel /Game/ThirdPersonBP/Blueprints/UI/GameUI.GameUI:WidgetTree.CanvasPanel_0 or CanvasPanel /Engine/Transient.World_2:PauseMenu1_C_10.WidgetTree_11.CanvasPanel_0
[2017.09.13-21.45.31:538][902]LogProperty:Warning: Illegal TEXT reference to a private object in external package (CanvasPanelSlot /Game/ThirdPersonBP/Blueprints/UI/GameUI.GameUI:WidgetTree.CanvasPanel_0.CanvasPanelSlot_1) from referencer (Button /Engine/UMG/Editor/Transient.Button_107).  Import failed...
[2017.09.13-21.45.31:538][902]LogProperty:Warning: ObjectProperty /Script/UMG.Widget:Slot: unresolved reference to 'CanvasPanelSlot'CanvasPanel_0.CanvasPanelSlot_1''
[2017.09.13-21.46.08:118][ 51]BlueprintLog: New page: PauseMenu1 をコンパイル
[2017.09.13-21.46.08:607][ 51]BlueprintEditorCompileResults: 情報 Fast Template Successfully Created.
[2017.09.13-21.46.10:543][158]LogSavePackage: Save=29.86ms
[2017.09.13-21.46.10:543][158]LogSavePackage: Moving '../../../../../../Users/shika/Documents/MyWork/Intern/intern20170912task/Saved/PauseMenu17309F1F145BE209ADC628F84A3F0CA4F.tmp' to '../../../../../../Users/shika/Documents/MyWork/Intern/intern20170912task/Content/ThirdPersonBP/Blueprints/UI/PauseMenu1.uasset'
[2017.09.13-21.46.10:557][158]LogSavePackage:Display: Finished SavePackage ../../../../../../Users/shika/Documents/MyWork/Intern/intern20170912task/Content/ThirdPersonBP/Blueprints/UI/PauseMenu1.uasset
[2017.09.13-21.46.19:622][374]LogTemp: Repeting last play command: 選択ビューポート
[2017.09.13-21.46.19:826][374]LogBlueprintUserMessages: Early PlayInEditor Detection: Level '/Game/ThirdPersonBP/Maps/ThirdPersonExampleMap.ThirdPersonExampleMap:PersistentLevel' has LevelScriptBlueprint '/Game/ThirdPersonBP/Maps/ThirdPersonExampleMap.ThirdPersonExampleMap:PersistentLevel.ThirdPersonExampleMap' with GeneratedClass '/Game/ThirdPersonBP/Maps/ThirdPersonExampleMap.ThirdPersonExampleMap_C' with ClassGeneratedBy '/Game/ThirdPersonBP/Maps/ThirdPersonExampleMap.ThirdPersonExampleMap:PersistentLevel.ThirdPersonExampleMap'
[2017.09.13-21.46.19:832][374]LogPlayLevel: PlayLevel: No blueprints needed recompiling
[2017.09.13-21.46.19:837][374]PIE: New page: PIEセッション: ThirdPersonExampleMap (2017/09/14 15:46:19)
[2017.09.13-21.46.19:837][374]LogPlayLevel: Creating play world package: /Game/ThirdPersonBP/Maps/UEDPIE_0_ThirdPersonExampleMap
[2017.09.13-21.46.19:874][374]LogPlayLevel: PIE: StaticDuplicateObject took: (0.037007s)
[2017.09.13-21.46.19:875][374]LogAIModule: Creating AISystem for world ThirdPersonExampleMap
[2017.09.13-21.46.19:876][374]LogPlayLevel: PIE: World Init took: (0.001071s)
[2017.09.13-21.46.19:877][374]LogPlayLevel: PIE: Created PIE world by copying editor world from /Game/ThirdPersonBP/Maps/ThirdPersonExampleMap.ThirdPersonExampleMap to /Game/ThirdPersonBP/Maps/UEDPIE_0_ThirdPersonExampleMap.ThirdPersonExampleMap (0.039510s)
[2017.09.13-21.46.19:983][374]LogLoad: Game class is 'ThirdPersonGameMode_C'
[2017.09.13-21.46.19:988][374]LogWorld: Bringing World /Game/ThirdPersonBP/Maps/UEDPIE_0_ThirdPersonExampleMap.ThirdPersonExampleMap up for play (max tick rate 60) at 2017.09.14-06.46.19
[2017.09.13-21.46.20:005][374]LogWorld: Bringing up level for play took: 0.018781
[2017.09.13-21.46.20:215][374]LogContentBrowser: Native class hierarchy updated for 'MovieSceneCapture' in 0.0015 seconds. Added 11 classes and 0 folders.
[2017.09.13-21.46.20:234][374]PIE: 情報 /Game/ThirdPersonBP/Maps/UEDPIE_0_ThirdPersonExampleMap 0.085のプレイ イン エディタの開始時間
[2017.09.13-21.46.20:235][374]LogBlueprintUserMessages: Late PlayInEditor Detection: Level '/Game/ThirdPersonBP/Maps/ThirdPersonExampleMap.ThirdPersonExampleMap:PersistentLevel' has LevelScriptBlueprint '/Game/ThirdPersonBP/Maps/ThirdPersonExampleMap.ThirdPersonExampleMap:PersistentLevel.ThirdPersonExampleMap' with GeneratedClass '/Game/ThirdPersonBP/Maps/ThirdPersonExampleMap.ThirdPersonExampleMap_C' with ClassGeneratedBy '/Game/ThirdPersonBP/Maps/ThirdPersonExampleMap.ThirdPersonExampleMap:PersistentLevel.ThirdPersonExampleMap'
[2017.09.13-21.46.20:342][374]LogRenderer: Reallocating scene render targets to support 1292x756 NumSamples 1 (Frame:1).
[2017.09.13-21.46.49:894][931]LogBlueprintUserMessages: Early EndPlayMap Detection: Level '/Game/ThirdPersonBP/Maps/ThirdPersonExampleMap.ThirdPersonExampleMap:PersistentLevel' has LevelScriptBlueprint '/Game/ThirdPersonBP/Maps/ThirdPersonExampleMap.ThirdPersonExampleMap:PersistentLevel.ThirdPersonExampleMap' with GeneratedClass '/Game/ThirdPersonBP/Maps/ThirdPersonExampleMap.ThirdPersonExampleMap_C' with ClassGeneratedBy '/Game/ThirdPersonBP/Maps/ThirdPersonExampleMap.ThirdPersonExampleMap:PersistentLevel.ThirdPersonExampleMap'
[2017.09.13-21.46.50:046][931]LogBlueprintUserMessages: Late EndPlayMap Detection: Level '/Game/ThirdPersonBP/Maps/ThirdPersonExampleMap.ThirdPersonExampleMap:PersistentLevel' has LevelScriptBlueprint '/Game/ThirdPersonBP/Maps/ThirdPersonExampleMap.ThirdPersonExampleMap:PersistentLevel.ThirdPersonExampleMap' with GeneratedClass '/Game/ThirdPersonBP/Maps/ThirdPersonExampleMap.ThirdPersonExampleMap_C' with ClassGeneratedBy '/Game/ThirdPersonBP/Maps/ThirdPersonExampleMap.ThirdPersonExampleMap:PersistentLevel.ThirdPersonExampleMap'
[2017.09.13-21.46.54:062][158]LogSavePackage: Save=29.30ms
[2017.09.13-21.46.54:062][158]LogSavePackage: Moving '../../../../../../Users/shika/Documents/MyWork/Intern/intern20170912task/Saved/PauseMenu1BF697ACD46BB3C7AB1721C9A9CC7F982.tmp' to '../../../../../../Users/shika/Documents/MyWork/Intern/intern20170912task/Content/ThirdPersonBP/Blueprints/UI/PauseMenu1.uasset'
[2017.09.13-21.46.54:071][158]LogSavePackage:Display: Finished SavePackage ../../../../../../Users/shika/Documents/MyWork/Intern/intern20170912task/Content/ThirdPersonBP/Blueprints/UI/PauseMenu1.uasset
