Log file open, 09/12/17 22:57:11
LogWindows: LoadLibraryWithSearchPaths failed for file aqProf.dll. GetLastError=0
LogWindows: LoadLibraryWithSearchPaths failed for file VSPerf140.dll. GetLastError=0
LogWindows: LoadLibraryWithSearchPaths failed for file VtuneApi.dll. GetLastError=0
LogWindows: LoadLibraryWithSearchPaths failed for file VtuneApi32e.dll. GetLastError=0
LogInit: Display: Running engine for game: intern20170912task
LogPlatformFile: Not using cached read wrapper
LogInit: Display: RandInit(-1866143103) SRandInit(-1866143103).
LogTaskGraph: Started task graph with 5 named threads and 8 total threads with 3 sets of task threads.
LogStats: Stats thread started at 0.221364
LogD3D11RHI: Aftermath initialized
LogPluginManager: Mounting plugin Paper2D
LogPluginManager: Mounting plugin LightPropagationVolume
LogPluginManager: Mounting plugin CodeLiteSourceCodeAccess
LogPluginManager: Mounting plugin GitSourceControl
LogPluginManager: Mounting plugin KDevelopSourceCodeAccess
LogPluginManager: Mounting plugin NullSourceCodeAccess
LogPluginManager: Mounting plugin PerforceSourceControl
LogPluginManager: Mounting plugin SubversionSourceControl
LogPluginManager: Mounting plugin UObjectPlugin
LogPluginManager: Mounting plugin VisualStudioSourceCodeAccess
LogPluginManager: Mounting plugin XCodeSourceCodeAccess
LogPluginManager: Mounting plugin AssetManagerEditor
LogPluginManager: Mounting plugin AudioCapture
LogPluginManager: Mounting plugin FacialAnimation
LogPluginManager: Mounting plugin GameplayTagsEditor
LogPluginManager: Mounting plugin MobileLauncherProfileWizard
LogPluginManager: Mounting plugin PluginBrowser
LogPluginManager: Mounting plugin SpeedTreeImporter
LogPluginManager: Mounting plugin AlembicImporter
LogPluginManager: Mounting plugin CharacterAI
LogPluginManager: Mounting plugin HTML5Networking
LogPluginManager: Mounting plugin AndroidMedia
LogPluginManager: Mounting plugin AvfMedia
LogPluginManager: Mounting plugin MediaPlayerEditor
LogPluginManager: Mounting plugin WmfMedia
LogPluginManager: Mounting plugin TcpMessaging
LogPluginManager: Mounting plugin UdpMessaging
LogPluginManager: Mounting plugin LevelSequenceEditor
LogPluginManager: Mounting plugin MatineeToLevelSequence
LogPluginManager: Mounting plugin OnlineSubsystemGooglePlay
LogPluginManager: Mounting plugin OnlineSubsystemIOS
LogPluginManager: Mounting plugin OnlineSubsystem
LogPluginManager: Mounting plugin OnlineSubsystemNull
LogPluginManager: Mounting plugin OnlineSubsystemUtils
LogPluginManager: Mounting plugin AndroidDeviceProfileSelector
LogPluginManager: Mounting plugin AndroidMoviePlayer
LogPluginManager: Mounting plugin AndroidPermission
LogPluginManager: Mounting plugin AppleMoviePlayer
LogPluginManager: Mounting plugin ArchVisCharacter
LogPluginManager: Mounting plugin CableComponent
LogPluginManager: Mounting plugin CustomMeshComponent
LogPluginManager: Mounting plugin ExampleDeviceProfileSelector
LogPluginManager: Mounting plugin GoogleCloudMessaging
LogPluginManager: Mounting plugin ImmediatePhysics
LogPluginManager: Mounting plugin IOSDeviceProfileSelector
LogPluginManager: Mounting plugin LinuxDeviceProfileSelector
LogPluginManager: Mounting plugin LocationServicesBPLibrary
LogPluginManager: Mounting plugin MobilePatchingUtils
LogPluginManager: Mounting plugin OculusVR
LogPluginManager: Mounting plugin PhysXVehicles
LogPluginManager: Mounting plugin ProceduralMeshComponent
LogPluginManager: Mounting plugin RuntimePhysXCooking
LogPluginManager: Mounting plugin SteamVR
LogPluginManager: Mounting plugin WindowsMoviePlayer
LogInit: Warning: Incompatible or missing module: UE4Editor-intern20170912task.dll
LogExit: Preparing to exit.
LogModuleManager: Shutting down and abandoning module AnimationModifiers (36)
LogModuleManager: Shutting down and abandoning module PropertyEditor (35)
LogModuleManager: Shutting down and abandoning module AudioEditor (32)
LogModuleManager: Shutting down and abandoning module TextureCompressor (30)
LogModuleManager: Shutting down and abandoning module ShaderCore (28)
LogModuleManager: Shutting down and abandoning module Landscape (26)
LogModuleManager: Shutting down and abandoning module SlateRHIRenderer (24)
LogModuleManager: Shutting down and abandoning module OpenGLDrv (22)
LogModuleManager: Shutting down and abandoning module D3D11RHI (20)
LogModuleManager: Shutting down and abandoning module AnimGraphRuntime (18)
LogModuleManager: Shutting down and abandoning module Renderer (16)
LogModuleManager: Shutting down and abandoning module Engine (14)
LogModuleManager: Shutting down and abandoning module CoreUObject (12)
LogModuleManager: Shutting down and abandoning module NetworkFile (10)
LogModuleManager: Shutting down and abandoning module CookedIterativeFile (8)
LogModuleManager: Shutting down and abandoning module StreamingFile (6)
LogModuleManager: Shutting down and abandoning module SandboxFile (4)
LogModuleManager: Shutting down and abandoning module PakFile (2)
LogExit: Exiting.
Log file closed, 09/12/17 23:02:20
