Log file open, 09/12/17 23:54:21
LogInit:Display: Running engine for game: intern20170912task
LogPlatformFile: Not using cached read wrapper
LogInit:Display: RandInit(-1371841878) SRandInit(-1371841877).
LogTaskGraph: Started task graph with 5 named threads and 6 total threads with 1 sets of task threads.
LogStats: Stats thread started at 1.193199
LogInit:Warning: Incompatible or missing module: UE4Editor-intern20170912task.dll
Running C:/Program Files/Epic Games/UE_4.16/Engine/Binaries/DotNET/UnrealBuildTool.exe intern20170912task Development Win64 -project="C:/Users/shika/Documents/MyWork/Intern/intern20170912task/intern20170912task.uproject" -editorrecompile -progress -NoHotReloadFromIDE
Performing full C++ include scan (building a new target)
Creating makefile for intern20170912task (no existing makefile)
ERROR: Couldn't find target rules file for target 'intern20170912task' in rules assembly 'UE4Rules, Version=0.0.0.0, Culture=neutral, PublicKeyToken=null'.
Location: C:\Program Files\Epic Games\UE_4.16\Engine\Intermediate\Build\BuildRules\UE4Rules.dll
Target rules found:
	UE4Editor - C:\Program Files\Epic Games\UE_4.16\Engine\Source\UE4Editor.Target.cs
	UE4Game - C:\Program Files\Epic Games\UE_4.16\Engine\Source\UE4Game.Target.cs
	UnrealHeaderTool - C:\Program Files\Epic Games\UE_4.16\Engine\Source\Programs\UnrealHeaderTool\UnrealHeaderTool.Target.cs

LogInit:Warning: Still incompatible or missing module: UE4Editor-intern20170912task.dll
LogExit: Preparing to exit.
LogModuleManager: Shutting down and abandoning module DesktopPlatform (36)
LogModuleManager: Shutting down and abandoning module AnimationModifiers (34)
LogModuleManager: Shutting down and abandoning module PropertyEditor (33)
LogModuleManager: Shutting down and abandoning module AudioEditor (30)
LogModuleManager: Shutting down and abandoning module TextureCompressor (28)
LogModuleManager: Shutting down and abandoning module ShaderCore (26)
LogModuleManager: Shutting down and abandoning module Landscape (24)
LogModuleManager: Shutting down and abandoning module SlateRHIRenderer (22)
LogModuleManager: Shutting down and abandoning module OpenGLDrv (20)
LogModuleManager: Shutting down and abandoning module D3D11RHI (18)
LogModuleManager: Shutting down and abandoning module AnimGraphRuntime (16)
LogModuleManager: Shutting down and abandoning module Renderer (14)
LogModuleManager: Shutting down and abandoning module Engine (12)
LogModuleManager: Shutting down and abandoning module CoreUObject (10)
LogModuleManager: Shutting down and abandoning module NetworkFile (8)
LogModuleManager: Shutting down and abandoning module StreamingFile (6)
LogModuleManager: Shutting down and abandoning module SandboxFile (4)
LogModuleManager: Shutting down and abandoning module PakFile (2)
LogExit: Exiting.
Log file closed, 09/12/17 23:54:36
